#
# A fatal error has been detected by the Java Runtime Environment:
#
#  EXCEPTION_ACCESS_VIOLATION (0xc0000005) at pc=0x000000006d199dfd, pid=1612, tid=4772
#
# JRE version: 6.0_21-b07
# Java VM: Java HotSpot(TM) 64-Bit Server VM (17.0-b17 mixed mode windows-amd64 )
# Problematic frame:
# C  [awt.dll+0xf9dfd]
#
# If you would like to submit a bug report, please visit:
#   http://java.sun.com/webapps/bugreport/crash.jsp
# The crash happened outside the Java Virtual Machine in native code.
# See problematic frame for where to report the bug.
#

---------------  T H R E A D  ---------------

Current thread (0x000000006b5fe800):  JavaThread "AWT-Windows" daemon [_thread_in_native, id=4772, stack(0x000000006c490000,0x000000006c590000)]

siginfo: ExceptionCode=0xc0000005, reading address 0x0000000000000000

Registers:
EAX=0x0000000000002000, EBX=0x000000006ca9d380, ECX=0x0000000000000000, EDX=0x00000000000002c4
ESP=0x000000006c58f490, EBP=0x0000000000000000, ESI=0x000000000000000c, EDI=0x0000000000000000
EIP=0x000000006d199dfd, EFLAGS=0x0000000000010202

Top of Stack: (sp=0x000000006c58f490)
0x000000006c58f490:   000000006c58f568 0000000000000000
0x000000006c58f4a0:   000000006d1707c0 000007fefd541574
0x000000006c58f4b0:   00000000009fb928 00000000767448ca
0x000000006c58f4c0:   0000000000000000 0000000000140714
0x000000006c58f4d0:   000000006c58f5b8 000000006dad2278
0x000000006c58f4e0:   000000006b5fe800 000000006d18d8bb
0x000000006c58f4f0:   000000006cad0700 0000000000000004
0x000000006c58f500:   0000000000000001 0000000000000000
0x000000006c58f510:   000000006b5fe9c8 000000006d18d9bb
0x000000006c58f520:   0000000000000000 000000006d1710fc
0x000000006c58f530:   000000006cad0700 0000000000000000
0x000000006c58f540:   000000006b5fe9c8 000000006d18daf8
0x000000006c58f550:   0000000000000070 000000006cad0700
0x000000006c58f560:   0000000000000001 0000000000000000
0x000000006c58f570:   000000006cad0700 000000006d121a2e
0x000000006c58f580:   0000000000267dd0 000000006c58f708 

Instructions: (pc=0x000000006d199dfd)
0x000000006d199ded:   20 00 00 41 b9 00 10 00 00 44 8b c6 44 0f 44 c8
0x000000006d199dfd:   48 8b 01 41 c1 e0 05 44 89 4c 24 20 4c 8d 4c 24 


Stack: [0x000000006c490000,0x000000006c590000],  sp=0x000000006c58f490,  free space=3fd0000000000000000k
Native frames: (J=compiled Java code, j=interpreted, Vv=VM code, C=native code)
C  [awt.dll+0xf9dfd]

[error occurred during error reporting (printing native stack), id 0xc0000005]

Java frames: (J=compiled Java code, j=interpreted, Vv=VM code)
j  sun.awt.windows.WToolkit.eventLoop()V+0
j  sun.awt.windows.WToolkit.run()V+52
j  java.lang.Thread.run()V+11
v  ~StubRoutines::call_stub

---------------  P R O C E S S  ---------------

Java Threads: ( => current thread )
  0x000000006e372000 JavaThread "Thread-1" daemon [_thread_in_native, id=212, stack(0x0000000071f80000,0x0000000072080000)]
  0x000000006e371800 JavaThread "J3D-InputDeviceScheduler-4" [_thread_blocked, id=1652, stack(0x000000007ebe0000,0x000000007ece0000)]
  0x000000006e370800 JavaThread "J3D-SoundSchedulerUpdateThread-4" [_thread_blocked, id=288, stack(0x000000007eae0000,0x000000007ebe0000)]
  0x000000006e370000 JavaThread "J3D-RenderStructureUpdateThread-4" [_thread_blocked, id=580, stack(0x000000007e9e0000,0x000000007eae0000)]
  0x000000006e36f000 JavaThread "J3D-BehaviorScheduler-4" [_thread_blocked, id=148, stack(0x000000007d8d0000,0x000000007d9d0000)]
  0x000000006e36e800 JavaThread "J3D-TransformStructureUpdateThread-4" [_thread_blocked, id=4264, stack(0x000000007d7d0000,0x000000007d8d0000)]
  0x000000006e36e000 JavaThread "J3D-RenderingEnvironmentStructureUpdateThread-4" [_thread_blocked, id=4808, stack(0x000000007d6d0000,0x000000007d7d0000)]
  0x000000006e36d000 JavaThread "J3D-SoundStructureUpdateThread-4" [_thread_blocked, id=3824, stack(0x000000007bda0000,0x000000007bea0000)]
  0x000000007715d000 JavaThread "J3D-GeometryStructureUpdateThread-4" [_thread_blocked, id=4956, stack(0x0000000076b50000,0x0000000076c50000)]
  0x000000007715c800 JavaThread "J3D-BehaviorStructureUpdateThread-4" [_thread_blocked, id=4520, stack(0x0000000076300000,0x0000000076400000)]
  0x000000006cb6c000 JavaThread "main" [_thread_blocked, id=4760, stack(0x0000000072a80000,0x0000000072b80000)]
  0x000000007715b800 JavaThread "J3D-InputDeviceScheduler-3" [_thread_blocked, id=1584, stack(0x0000000076200000,0x0000000076300000)]
  0x000000007715b000 JavaThread "J3D-SoundSchedulerUpdateThread-3" [_thread_blocked, id=5028, stack(0x0000000076100000,0x0000000076200000)]
  0x000000007715a000 JavaThread "J3D-RenderStructureUpdateThread-3" [_thread_blocked, id=916, stack(0x0000000076000000,0x0000000076100000)]
  0x0000000077159800 JavaThread "J3D-BehaviorScheduler-3" [_thread_blocked, id=4504, stack(0x0000000074520000,0x0000000074620000)]
  0x0000000077158800 JavaThread "J3D-TransformStructureUpdateThread-3" [_thread_blocked, id=1028, stack(0x0000000073dc0000,0x0000000073ec0000)]
  0x0000000077158000 JavaThread "J3D-RenderingEnvironmentStructureUpdateThread-3" [_thread_blocked, id=2600, stack(0x0000000072b80000,0x0000000072c80000)]
  0x0000000077157000 JavaThread "J3D-SoundStructureUpdateThread-3" [_thread_blocked, id=4336, stack(0x0000000072980000,0x0000000072a80000)]
  0x0000000077156800 JavaThread "J3D-GeometryStructureUpdateThread-3" [_thread_blocked, id=3740, stack(0x0000000072250000,0x0000000072350000)]
  0x000000006cb65800 JavaThread "J3D-BehaviorStructureUpdateThread-3" [_thread_blocked, id=4048, stack(0x0000000072150000,0x0000000072250000)]
  0x0000000077156000 JavaThread "AWT-EventQueue-0" [_thread_blocked, id=3212, stack(0x0000000073120000,0x0000000073220000)]
  0x000000006cb6b000 JavaThread "J3D-InputDeviceScheduler-2" [_thread_blocked, id=3708, stack(0x000000007baa0000,0x000000007bba0000)]
  0x000000006cb6a800 JavaThread "J3D-SoundSchedulerUpdateThread-2" [_thread_blocked, id=4680, stack(0x000000007b9a0000,0x000000007baa0000)]
  0x000000006cb69800 JavaThread "J3D-RenderStructureUpdateThread-2" [_thread_blocked, id=1720, stack(0x000000007b8a0000,0x000000007b9a0000)]
  0x000000006cb69000 JavaThread "J3D-BehaviorScheduler-2" [_thread_blocked, id=3248, stack(0x000000007b7a0000,0x000000007b8a0000)]
  0x000000006cb68800 JavaThread "J3D-TransformStructureUpdateThread-2" [_thread_blocked, id=1256, stack(0x00000000742c0000,0x00000000743c0000)]
  0x000000006cb67800 JavaThread "J3D-RenderingEnvironmentStructureUpdateThread-2" [_thread_blocked, id=380, stack(0x00000000741c0000,0x00000000742c0000)]
  0x000000006cb67000 JavaThread "J3D-SoundStructureUpdateThread-2" [_thread_blocked, id=4280, stack(0x0000000072780000,0x0000000072880000)]
  0x000000006cb66000 JavaThread "J3D-GeometryStructureUpdateThread-2" [_thread_blocked, id=4616, stack(0x0000000072680000,0x0000000072780000)]
  0x000000006cb64800 JavaThread "J3D-BehaviorStructureUpdateThread-2" [_thread_blocked, id=4428, stack(0x0000000072580000,0x0000000072680000)]
  0x000000006c7f0800 JavaThread "J3D-InputDeviceScheduler-1" [_thread_blocked, id=3672, stack(0x000000007b6a0000,0x000000007b7a0000)]
  0x000000006c7f0000 JavaThread "J3D-SoundSchedulerUpdateThread-1" [_thread_blocked, id=5096, stack(0x000000007b5a0000,0x000000007b6a0000)]
  0x000000006c7ef000 JavaThread "J3D-RenderStructureUpdateThread-1" [_thread_blocked, id=1040, stack(0x000000007b4a0000,0x000000007b5a0000)]
  0x000000006c7ee800 JavaThread "J3D-BehaviorScheduler-1" [_thread_blocked, id=1264, stack(0x000000007b3a0000,0x000000007b4a0000)]
  0x000000006c7ed800 JavaThread "J3D-TransformStructureUpdateThread-1" [_thread_blocked, id=4340, stack(0x000000007b2a0000,0x000000007b3a0000)]
  0x000000006c7ed000 JavaThread "J3D-RenderingEnvironmentStructureUpdateThread-1" [_thread_blocked, id=4740, stack(0x000000007b1a0000,0x000000007b2a0000)]
  0x000000006c7ec000 JavaThread "J3D-SoundStructureUpdateThread-1" [_thread_blocked, id=2944, stack(0x000000007b0a0000,0x000000007b1a0000)]
  0x000000006c7eb800 JavaThread "J3D-GeometryStructureUpdateThread-1" [_thread_blocked, id=628, stack(0x000000007afa0000,0x000000007b0a0000)]
  0x000000006c7eb000 JavaThread "J3D-BehaviorStructureUpdateThread-1" [_thread_blocked, id=624, stack(0x000000007aea0000,0x000000007afa0000)]
  0x000000006c7ea000 JavaThread "J3D-Renderer-1" [_thread_blocked, id=4228, stack(0x00000000784a0000,0x00000000785a0000)]
  0x000000006c7e9800 JavaThread "J3D-MasterControl-1" [_thread_blocked, id=1344, stack(0x00000000783a0000,0x00000000784a0000)]
  0x000000006c8f2000 JavaThread "J3D-NotificationThread" [_thread_blocked, id=3800, stack(0x00000000782a0000,0x00000000783a0000)]
  0x000000006c8ef000 JavaThread "J3D-TimerThread" [_thread_blocked, id=5020, stack(0x00000000781a0000,0x00000000782a0000)]
  0x000000006cafa000 JavaThread "J3D-RenderingAttributesStructureUpdateThread" [_thread_blocked, id=3420, stack(0x0000000078070000,0x0000000078170000)]
  0x000000006c989800 JavaThread "TimerQueue" daemon [_thread_blocked, id=4120, stack(0x0000000073220000,0x0000000073320000)]
  0x000000006cacf000 JavaThread "AWT-Shutdown" [_thread_blocked, id=1732, stack(0x000000006c390000,0x000000006c490000)]
  0x000000000039c000 JavaThread "DestroyJavaVM" [_thread_blocked, id=3552, stack(0x00000000021f0000,0x00000000022f0000)]
  0x000000006b604000 JavaThread "BlueJ worker thread" [_thread_blocked, id=2908, stack(0x000000006c690000,0x000000006c790000)]
=>0x000000006b5fe800 JavaThread "AWT-Windows" daemon [_thread_in_native, id=4772, stack(0x000000006c490000,0x000000006c590000)]
  0x000000006b5fc800 JavaThread "Java2D Disposer" daemon [_thread_blocked, id=2972, stack(0x000000006c290000,0x000000006c390000)]
  0x000000006b4bb800 JavaThread "Low Memory Detector" daemon [_thread_blocked, id=712, stack(0x000000006bd50000,0x000000006be50000)]
  0x000000006b4b8800 JavaThread "CompilerThread1" daemon [_thread_blocked, id=2172, stack(0x000000006bc50000,0x000000006bd50000)]
  0x000000006b4b4000 JavaThread "CompilerThread0" daemon [_thread_blocked, id=4704, stack(0x000000006bb50000,0x000000006bc50000)]
  0x000000006b49e000 JavaThread "JDWP Command Reader" daemon [_thread_in_native, id=3880, stack(0x000000006ba50000,0x000000006bb50000)]
  0x000000006b49a800 JavaThread "JDWP Event Helper Thread" daemon [_thread_blocked, id=2964, stack(0x000000006b950000,0x000000006ba50000)]
  0x000000000062a000 JavaThread "JDWP Transport Listener: dt_shmem" daemon [_thread_blocked, id=2608, stack(0x000000006b850000,0x000000006b950000)]
  0x0000000000623000 JavaThread "Attach Listener" daemon [_thread_blocked, id=4388, stack(0x000000006b750000,0x000000006b850000)]
  0x0000000000622800 JavaThread "Signal Dispatcher" daemon [_thread_blocked, id=4160, stack(0x000000006b650000,0x000000006b750000)]
  0x000000000060e800 JavaThread "Finalizer" daemon [_thread_blocked, id=3760, stack(0x000000006b350000,0x000000006b450000)]
  0x0000000000604000 JavaThread "Reference Handler" daemon [_thread_blocked, id=1036, stack(0x000000006b250000,0x000000006b350000)]

Other Threads:
  0x0000000000600000 VMThread [stack: 0x000000006b150000,0x000000006b250000] [id=3912]
  0x000000006b4cd800 WatcherThread [stack: 0x000000006be50000,0x000000006bf50000] [id=3964]

VM state:not at safepoint (normal execution)

VM Mutex/Monitor currently owned by a thread: None

Heap
 PSYoungGen      total 179136K, used 27114K [0x000000004a6f0000, 0x000000005a0f0000, 0x000000006a6f0000)
  eden space 120192K, 3% used [0x000000004a6f0000,0x000000004ab1e8c8,0x0000000051c50000)
  from space 58944K, 38% used [0x0000000056760000,0x0000000057dac0c0,0x000000005a0f0000)
  to   space 67904K, 0% used [0x0000000051c50000,0x0000000051c50000,0x0000000055ea0000)
 PSOldGen        total 244480K, used 185623K [0x000000000a6f0000, 0x00000000195b0000, 0x000000004a6f0000)
  object space 244480K, 75% used [0x000000000a6f0000,0x0000000015c35c80,0x00000000195b0000)
 PSPermGen       total 36800K, used 17884K [0x00000000052f0000, 0x00000000076e0000, 0x000000000a6f0000)
  object space 36800K, 48% used [0x00000000052f0000,0x0000000006467300,0x00000000076e0000)

Dynamic libraries:
0x0000000000400000 - 0x000000000042e000 	C:\Program Files\Java\jdk1.6.0_21\jre\bin\java.exe
0x0000000076cc0000 - 0x0000000076e69000 	C:\Windows\SYSTEM32\ntdll.dll
0x0000000076830000 - 0x000000007694f000 	C:\Windows\system32\kernel32.dll
0x000007fefd440000 - 0x000007fefd4ac000 	C:\Windows\system32\KERNELBASE.dll
0x000007fefe8f0000 - 0x000007fefe9cb000 	C:\Windows\system32\ADVAPI32.dll
0x000007fefeb60000 - 0x000007fefebff000 	C:\Windows\system32\msvcrt.dll
0x000007fefe7e0000 - 0x000007fefe7ff000 	C:\Windows\SYSTEM32\sechost.dll
0x000007fefd570000 - 0x000007fefd69d000 	C:\Windows\system32\RPCRT4.dll
0x000007fefcff0000 - 0x000007fefd047000 	C:\Windows\system32\apphelp.dll
0x000007fef0480000 - 0x000007fef04d1000 	C:\Windows\AppPatch\AppPatch64\AcGenral.DLL
0x000007fefcfc0000 - 0x000007fefcfe5000 	C:\Windows\system32\SspiCli.dll
0x000007fefe760000 - 0x000007fefe7d1000 	C:\Windows\system32\SHLWAPI.dll
0x000007fefec00000 - 0x000007fefec67000 	C:\Windows\system32\GDI32.dll
0x0000000076730000 - 0x000000007682a000 	C:\Windows\system32\USER32.dll
0x000007fefd6a0000 - 0x000007fefd6ae000 	C:\Windows\system32\LPK.dll
0x000007fefe800000 - 0x000007fefe8c9000 	C:\Windows\system32\USP10.dll
0x000007fefedc0000 - 0x000007fefefc3000 	C:\Windows\system32\ole32.dll
0x000007fefd9d0000 - 0x000007fefe758000 	C:\Windows\system32\SHELL32.dll
0x00000000741b0000 - 0x00000000741b3000 	C:\Windows\system32\sfc.dll
0x000007fefae60000 - 0x000007fefae70000 	C:\Windows\system32\sfc_os.DLL
0x000007fefc470000 - 0x000007fefc48e000 	C:\Windows\system32\USERENV.dll
0x000007fefd120000 - 0x000007fefd12f000 	C:\Windows\system32\profapi.dll
0x000007fefb430000 - 0x000007fefb448000 	C:\Windows\system32\dwmapi.dll
0x000007fefa3f0000 - 0x000007fefa408000 	C:\Windows\system32\MPR.dll
0x000007fefd540000 - 0x000007fefd56e000 	C:\Windows\system32\IMM32.DLL
0x000007fefea50000 - 0x000007fefeb59000 	C:\Windows\system32\MSCTF.dll
0x000000006d890000 - 0x000000006df61000 	C:\Program Files\Java\jdk1.6.0_21\jre\bin\server\jvm.dll
0x000007fefa760000 - 0x000007fefa79b000 	C:\Windows\system32\WINMM.dll
0x000000006d800000 - 0x000000006d80e000 	C:\Program Files\Java\jdk1.6.0_21\jre\bin\verify.dll
0x000000006d450000 - 0x000000006d477000 	C:\Program Files\Java\jdk1.6.0_21\jre\bin\java.dll
0x000000006d3b0000 - 0x000000006d3ba000 	C:\Program Files\Java\jdk1.6.0_21\jre\bin\hpi.dll
0x0000000076e90000 - 0x0000000076e97000 	C:\Windows\system32\PSAPI.DLL
0x000000006d4c0000 - 0x000000006d4f4000 	C:\Program Files\Java\jdk1.6.0_21\jre\bin\jdwp.dll
0x000000006d6d0000 - 0x000000006d6d8000 	C:\Program Files\Java\jdk1.6.0_21\jre\bin\npt.dll
0x000000006d850000 - 0x000000006d862000 	C:\Program Files\Java\jdk1.6.0_21\jre\bin\zip.dll
0x000000006d300000 - 0x000000006d30a000 	C:\Program Files\Java\jdk1.6.0_21\jre\bin\dt_shmem.dll
0x000000006d0a0000 - 0x000000006d263000 	C:\Program Files\Java\jdk1.6.0_21\jre\bin\awt.dll
0x000007fefb210000 - 0x000007fefb281000 	C:\Windows\system32\WINSPOOL.DRV
0x000007fefbbd0000 - 0x000007fefbdc4000 	C:\Windows\WinSxS\amd64_microsoft.windows.common-controls_6595b64144ccf1df_6.0.7601.17514_none_fa396087175ac9ac\COMCTL32.dll
0x000007fefb910000 - 0x000007fefb966000 	C:\Windows\system32\uxtheme.dll
0x000007fefd050000 - 0x000007fefd05f000 	C:\Windows\system32\CRYPTBASE.dll
0x000000006d340000 - 0x000000006d3ab000 	C:\Program Files\Java\jdk1.6.0_21\jre\bin\fontmanager.dll
0x000007feef9f0000 - 0x000007feefbef000 	C:\Windows\system32\d3d9.dll
0x000007fefc260000 - 0x000007fefc26c000 	C:\Windows\system32\VERSION.dll
0x000007fef4b10000 - 0x000007fef4b17000 	C:\Windows\system32\d3d8thk.dll
0x000007feedde0000 - 0x000007feee9d4000 	C:\Windows\system32\nvd3dumx.dll
0x000007fefb6c0000 - 0x000007fefb6ec000 	C:\Windows\system32\powrprof.dll
0x000007fefd790000 - 0x000007fefd967000 	C:\Windows\system32\SETUPAPI.dll
0x000007fefd4b0000 - 0x000007fefd4e6000 	C:\Windows\system32\CFGMGR32.dll
0x000007fefd6b0000 - 0x000007fefd787000 	C:\Windows\system32\OLEAUT32.dll
0x000007fefd340000 - 0x000007fefd35a000 	C:\Windows\system32\DEVOBJ.dll
0x000007fefc9b0000 - 0x000007fefc9c7000 	C:\Windows\system32\CRYPTSP.dll
0x000007fefc6b0000 - 0x000007fefc6f7000 	C:\Windows\system32\rsaenh.dll
0x000000006d6a0000 - 0x000000006d6b7000 	C:\Program Files\Java\jdk1.6.0_21\jre\bin\net.dll
0x000007fefd4f0000 - 0x000007fefd53d000 	C:\Windows\system32\WS2_32.dll
0x000007fefedb0000 - 0x000007fefedb8000 	C:\Windows\system32\NSI.dll
0x000007fefc950000 - 0x000007fefc9a5000 	C:\Windows\system32\mswsock.dll
0x000007fefc940000 - 0x000007fefc947000 	C:\Windows\System32\wship6.dll
0x000007fefade0000 - 0x000007fefadf5000 	C:\Windows\system32\NLAapi.dll
0x000007fef4140000 - 0x000007fef4155000 	C:\Windows\system32\napinsp.dll
0x000007fef3e30000 - 0x000007fef3e49000 	C:\Windows\system32\pnrpnsp.dll
0x000007fefc7d0000 - 0x000007fefc82b000 	C:\Windows\system32\DNSAPI.dll
0x000007fef3e00000 - 0x000007fef3e0b000 	C:\Windows\System32\winrnr.dll
0x000007fefc330000 - 0x000007fefc337000 	C:\Windows\System32\wshtcpip.dll
0x000007fefab60000 - 0x000007fefab87000 	C:\Windows\system32\IPHLPAPI.DLL
0x000007fefab50000 - 0x000007fefab5b000 	C:\Windows\system32\WINNSI.DLL
0x000007fef8cd0000 - 0x000007fef8cd8000 	C:\Windows\system32\rasadhlp.dll
0x000007fefaac0000 - 0x000007fefab13000 	C:\Windows\System32\fwpuclnt.dll
0x000000006d6c0000 - 0x000000006d6cb000 	C:\Program Files\Java\jdk1.6.0_21\jre\bin\nio.dll
0x000000006d090000 - 0x000000006d09a000 	C:\Program Files\Java\jdk1.6.0_21\jre\bin\management.dll
0x000000006d270000 - 0x000000006d2a5000 	C:\Program Files\Java\jdk1.6.0_21\jre\bin\jpeg.dll
0x000000006d490000 - 0x000000006d497000 	C:\Program Files\Java\jdk1.6.0_21\jre\bin\jawt.dll
0x000000006d2b0000 - 0x000000006d2ee000 	C:\Program Files\Java\jdk1.6.0_21\jre\bin\j3dcore-ogl.dll
0x000007fef3640000 - 0x000007fef375d000 	C:\Windows\system32\OPENGL32.dll
0x000007fef6b70000 - 0x000007fef6b9d000 	C:\Windows\system32\GLU32.dll
0x000007feef5e0000 - 0x000007feef6d1000 	C:\Windows\system32\DDRAW.dll
0x000007fef5270000 - 0x000007fef5278000 	C:\Windows\system32\DCIMAN32.dll
0x00000000785a0000 - 0x0000000079806000 	C:\Windows\system32\nvoglv64.DLL

VM Arguments:
jvm_args: -Xdebug -Xnoagent -Xrunjdwp:transport=dt_shmem,address=bluej15,server=y,suspend=y 
java_command: bluej.runtime.ExecServer
Launcher Type: SUN_STANDARD

Environment Variables:
PATH=C:\Program Files (x86)\NVIDIA Corporation\PhysX\Common;C:\Windows\system32;C:\Windows;C:\Windows\System32\Wbem;C:\Windows\System32\WindowsPowerShell\v1.0\;C:\Program Files (x86)\Microsoft SQL Server\100\Tools\Binn\;C:\Program Files (x86)\Microsoft SQL Server\100\DTS\Binn\
USERNAME=Hatzen
OS=Windows_NT
PROCESSOR_IDENTIFIER=AMD64 Family 15 Model 67 Stepping 2, AuthenticAMD



---------------  S Y S T E M  ---------------

OS: Windows 7 Build 7601 Service Pack 1

CPU:total 2 (2 cores per cpu, 1 threads per core) family 15 model 67 stepping 2, cmov, cx8, fxsr, mmx, sse, sse2, sse3, mmxext, 3dnow, 3dnowext

Memory: 4k page, physical 6289912k(3139536k free), swap 12577976k(8558540k free)

vm_info: Java HotSpot(TM) 64-Bit Server VM (17.0-b17) for windows-amd64 JRE (1.6.0_21-b07), built on Jul 17 2010 01:05:36 by "java_re" with MS VC++ 8.0 (VS2005)

time: Sun Jan 15 16:39:36 2012
elapsed time: 1137 seconds

